#
# There is insufficient memory for the Java Runtime Environment to continue.
# Native memory allocation (malloc) failed to allocate 1471376 bytes. Error detail: Chunk::new
# Possible reasons:
#   The system is out of physical RAM or swap space
#   This process is running with CompressedOops enabled, and the Java Heap may be blocking the growth of the native heap
# Possible solutions:
#   Reduce memory load on the system
#   Increase physical memory or swap space
#   Check if swap backing store is full
#   Decrease Java heap size (-Xmx/-Xms)
#   Decrease number of Java threads
#   Decrease Java thread stack sizes (-Xss)
#   Set larger code cache with -XX:ReservedCodeCacheSize=
#   JVM is running with Unscaled Compressed Oops mode in which the Java heap is
#     placed in the first 4GB address space. The Java Heap base address is the
#     maximum limit for the native heap growth. Please use -XX:HeapBaseMinAddress
#     to set the Java Heap base and to place the Java Heap above 4GB virtual address.
# This output file may be truncated or incomplete.
#
#  Out of Memory Error (arena.cpp:191), pid=22216, tid=55544
#
# JRE version: OpenJDK Runtime Environment Temurin-17.0.12+7 (17.0.12+7) (build 17.0.12+7)
# Java VM: OpenJDK 64-Bit Server VM Temurin-17.0.12+7 (17.0.12+7, mixed mode, tiered, compressed oops, compressed class ptrs, parallel gc, windows-amd64)
# No core dump will be written. Minidumps are not enabled by default on client versions of Windows
#

---------------  S U M M A R Y ------------

Command Line: --add-modules=ALL-SYSTEM --add-opens=java.base/java.util=ALL-UNNAMED --add-opens=java.base/java.lang=ALL-UNNAMED --add-opens=java.base/sun.nio.fs=ALL-UNNAMED -Declipse.application=org.eclipse.jdt.ls.core.id1 -Dosgi.bundles.defaultStartLevel=4 -Declipse.product=org.eclipse.jdt.ls.core.product -Djava.import.generatesMetadataFilesAtProjectRoot=false -DDetectVMInstallationsJob.disabled=true -Dfile.encoding=utf8 -XX:+UseParallelGC -XX:GCTimeRatio=4 -XX:AdaptiveSizePolicyWeight=90 -Dsun.zip.disableMemoryMapping=true -Xmx1G -Xms100m -Xlog:disable -javaagent:c:\Users\Mohammad.Junaid\.vscode\extensions\redhat.java-1.34.0-win32-x64\lombok\lombok-1.18.33.jar -XX:+HeapDumpOnOutOfMemoryError -XX:HeapDumpPath=c:\Users\Mohammad.Junaid\AppData\Roaming\Code\User\workspaceStorage\cf6ec08c23d73b0578318065eb034c21\redhat.java -Daether.dependencyCollector.impl=bf -Xmx512M c:\Users\Mohammad.Junaid\.vscode\extensions\redhat.java-1.34.0-win32-x64\server\plugins\org.eclipse.equinox.launcher_1.6.900.v20240613-2009.jar -configuration c:\Users\Mohammad.Junaid\AppData\Roaming\Code\User\globalStorage\redhat.java\1.34.0\config_win -data c:\Users\Mohammad.Junaid\AppData\Roaming\Code\User\workspaceStorage\cf6ec08c23d73b0578318065eb034c21\redhat.java\jdt_ws --pipe=\\.\pipe\lsp-a37a101cd32983f0e1fb7d496cb8f05d-sock

Host: 11th Gen Intel(R) Core(TM) i5-1135G7 @ 2.40GHz, 8 cores, 15G,  Windows 11 , 64 bit Build 22621 (10.0.22621.2506)
Time: Tue Sep 24 16:19:55 2024 India Standard Time elapsed time: 89.462460 seconds (0d 0h 1m 29s)

---------------  T H R E A D  ---------------

Current thread (0x00000228cac02110):  JavaThread "C2 CompilerThread0" daemon [_thread_in_native, id=55544, stack(0x000000a69c400000,0x000000a69c500000)]


Current CompileTask:
C2:  89462 8331   !   4       java.io.ObjectStreamClass::readNonProxy (401 bytes)

Stack: [0x000000a69c400000,0x000000a69c500000]
Native frames: (J=compiled Java code, j=interpreted, Vv=VM code, C=native code)
V  [jvm.dll+0x67f929]
V  [jvm.dll+0x8371ba]
V  [jvm.dll+0x838c7e]
V  [jvm.dll+0x8392e3]
V  [jvm.dll+0x24834f]
V  [jvm.dll+0xac9d4]
V  [jvm.dll+0xad01c]
V  [jvm.dll+0x3674a7]
V  [jvm.dll+0x33197a]
V  [jvm.dll+0x330e1a]
V  [jvm.dll+0x21a8b1]
V  [jvm.dll+0x219cf1]
V  [jvm.dll+0x1a58bd]
V  [jvm.dll+0x229a2d]
V  [jvm.dll+0x227bdc]
V  [jvm.dll+0x7ec1f7]
V  [jvm.dll+0x7e65dc]
V  [jvm.dll+0x67e7f7]
C  [ucrtbase.dll+0x29363]
C  [KERNEL32.DLL+0x1257d]
C  [ntdll.dll+0x5aa58]


---------------  P R O C E S S  ---------------

Threads class SMR info:
_java_thread_list=0x00000228cf3b7870, length=50, elements={
0x00000228b2feee70, 0x00000228b2e28040, 0x00000228b2e2a780, 0x00000228cac32020,
0x00000228cac32af0, 0x00000228cac333c0, 0x00000228cac01790, 0x00000228cac02110,
0x00000228cac91550, 0x00000228cac99b00, 0x00000228b3051300, 0x00000228caef0860,
0x00000228cc500460, 0x00000228cc6f0af0, 0x00000228cc7bf020, 0x00000228cc9a5140,
0x00000228ccca58d0, 0x00000228cc968aa0, 0x00000228cc966c40, 0x00000228cc967660,
0x00000228cc968080, 0x00000228cc9694c0, 0x00000228cc9699d0, 0x00000228cc96a3f0,
0x00000228cc967150, 0x00000228cd159ce0, 0x00000228cd1592c0, 0x00000228cd15b630,
0x00000228cd15bb40, 0x00000228cd1597d0, 0x00000228cd15a1f0, 0x00000228cd15c050,
0x00000228cd1588a0, 0x00000228cd15a700, 0x00000228cd15ac10, 0x00000228cd15b120,
0x00000228cf914d70, 0x00000228cf915790, 0x00000228cf9161b0, 0x00000228cf916bd0,
0x00000228cf914350, 0x00000228cf913930, 0x00000228cf918010, 0x00000228cf915ca0,
0x00000228cf914860, 0x00000228cf9175f0, 0x00000228cf919960, 0x00000228cf9124f0,
0x00000228cf913420, 0x00000228cf917b00
}

Java Threads: ( => current thread )
  0x00000228b2feee70 JavaThread "main" [_thread_blocked, id=68312, stack(0x000000a69bb00000,0x000000a69bc00000)]
  0x00000228b2e28040 JavaThread "Reference Handler" daemon [_thread_blocked, id=65688, stack(0x000000a69be00000,0x000000a69bf00000)]
  0x00000228b2e2a780 JavaThread "Finalizer" daemon [_thread_blocked, id=56328, stack(0x000000a69bf00000,0x000000a69c000000)]
  0x00000228cac32020 JavaThread "Signal Dispatcher" daemon [_thread_blocked, id=61716, stack(0x000000a69c000000,0x000000a69c100000)]
  0x00000228cac32af0 JavaThread "Attach Listener" daemon [_thread_blocked, id=60332, stack(0x000000a69c100000,0x000000a69c200000)]
  0x00000228cac333c0 JavaThread "Service Thread" daemon [_thread_blocked, id=52072, stack(0x000000a69c200000,0x000000a69c300000)]
  0x00000228cac01790 JavaThread "Monitor Deflation Thread" daemon [_thread_blocked, id=48700, stack(0x000000a69c300000,0x000000a69c400000)]
=>0x00000228cac02110 JavaThread "C2 CompilerThread0" daemon [_thread_in_native, id=55544, stack(0x000000a69c400000,0x000000a69c500000)]
  0x00000228cac91550 JavaThread "C1 CompilerThread0" daemon [_thread_blocked, id=63568, stack(0x000000a69c500000,0x000000a69c600000)]
  0x00000228cac99b00 JavaThread "Sweeper thread" daemon [_thread_blocked, id=56468, stack(0x000000a69c600000,0x000000a69c700000)]
  0x00000228b3051300 JavaThread "Common-Cleaner" daemon [_thread_blocked, id=53928, stack(0x000000a69c700000,0x000000a69c800000)]
  0x00000228caef0860 JavaThread "Notification Thread" daemon [_thread_blocked, id=60944, stack(0x000000a69c800000,0x000000a69c900000)]
  0x00000228cc500460 JavaThread "Active Thread: Equinox Container: fa7dd2e1-ec37-4993-81a0-812c9613a3e8" [_thread_blocked, id=60608, stack(0x000000a69d100000,0x000000a69d200000)]
  0x00000228cc6f0af0 JavaThread "Framework Event Dispatcher: Equinox Container: fa7dd2e1-ec37-4993-81a0-812c9613a3e8" daemon [_thread_blocked, id=47608, stack(0x000000a69d200000,0x000000a69d300000)]
  0x00000228cc7bf020 JavaThread "Start Level: Equinox Container: fa7dd2e1-ec37-4993-81a0-812c9613a3e8" daemon [_thread_blocked, id=68340, stack(0x000000a69d300000,0x000000a69d400000)]
  0x00000228cc9a5140 JavaThread "Bundle File Closer" daemon [_thread_blocked, id=59500, stack(0x000000a69d500000,0x000000a69d600000)]
  0x00000228ccca58d0 JavaThread "SCR Component Actor" daemon [_thread_blocked, id=52300, stack(0x000000a69d600000,0x000000a69d700000)]
  0x00000228cc968aa0 JavaThread "Worker-JM" [_thread_blocked, id=69020, stack(0x000000a69d000000,0x000000a69d100000)]
  0x00000228cc966c40 JavaThread "JNA Cleaner" daemon [_thread_blocked, id=63040, stack(0x000000a69d800000,0x000000a69d900000)]
  0x00000228cc967660 JavaThread "Worker-0" [_thread_blocked, id=54200, stack(0x000000a69d900000,0x000000a69da00000)]
  0x00000228cc968080 JavaThread "Worker-1" [_thread_blocked, id=40280, stack(0x000000a69da00000,0x000000a69db00000)]
  0x00000228cc9694c0 JavaThread "Java indexing" daemon [_thread_blocked, id=68092, stack(0x000000a69dc00000,0x000000a69dd00000)]
  0x00000228cc9699d0 JavaThread "Worker-2" [_thread_blocked, id=62380, stack(0x000000a69de00000,0x000000a69df00000)]
  0x00000228cc96a3f0 JavaThread "Thread-2" daemon [_thread_in_native, id=52704, stack(0x000000a69e200000,0x000000a69e300000)]
  0x00000228cc967150 JavaThread "Thread-3" daemon [_thread_in_native, id=50728, stack(0x000000a69e300000,0x000000a69e400000)]
  0x00000228cd159ce0 JavaThread "Thread-4" daemon [_thread_in_native, id=56576, stack(0x000000a69e400000,0x000000a69e500000)]
  0x00000228cd1592c0 JavaThread "Thread-5" daemon [_thread_in_native, id=59472, stack(0x000000a69e500000,0x000000a69e600000)]
  0x00000228cd15b630 JavaThread "Thread-6" daemon [_thread_in_native, id=59800, stack(0x000000a69e600000,0x000000a69e700000)]
  0x00000228cd15bb40 JavaThread "Thread-7" daemon [_thread_in_native, id=66640, stack(0x000000a69e700000,0x000000a69e800000)]
  0x00000228cd1597d0 JavaThread "Thread-8" daemon [_thread_in_native, id=16180, stack(0x000000a69e800000,0x000000a69e900000)]
  0x00000228cd15a1f0 JavaThread "Thread-9" daemon [_thread_in_native, id=63084, stack(0x000000a69e900000,0x000000a69ea00000)]
  0x00000228cd15c050 JavaThread "Thread-10" daemon [_thread_in_native, id=7916, stack(0x000000a69ea00000,0x000000a69eb00000)]
  0x00000228cd1588a0 JavaThread "pool-2-thread-1" [_thread_blocked, id=67360, stack(0x000000a69eb00000,0x000000a69ec00000)]
  0x00000228cd15a700 JavaThread "WorkspaceEventsHandler" [_thread_blocked, id=68892, stack(0x000000a69ec00000,0x000000a69ed00000)]
  0x00000228cd15ac10 JavaThread "pool-1-thread-1" [_thread_blocked, id=65628, stack(0x000000a69ed00000,0x000000a69ee00000)]
  0x00000228cd15b120 JavaThread "Timer-0" [_thread_blocked, id=52140, stack(0x000000a69ee00000,0x000000a69ef00000)]
  0x00000228cf914d70 JavaThread "Timer-1" [_thread_blocked, id=67372, stack(0x000000a69ef00000,0x000000a69f000000)]
  0x00000228cf915790 JavaThread "Timer-2" [_thread_blocked, id=46544, stack(0x000000a69f200000,0x000000a69f300000)]
  0x00000228cf9161b0 JavaThread "Timer-3" [_thread_blocked, id=58288, stack(0x000000a69db00000,0x000000a69dc00000)]
  0x00000228cf916bd0 JavaThread "Timer-4" [_thread_blocked, id=56364, stack(0x000000a69d700000,0x000000a69d800000)]
  0x00000228cf914350 JavaThread "Timer-5" [_thread_blocked, id=64528, stack(0x000000a69dd00000,0x000000a69de00000)]
  0x00000228cf913930 JavaThread "ForkJoinPool.commonPool-worker-1" daemon [_thread_blocked, id=68544, stack(0x000000a69f000000,0x000000a69f100000)]
  0x00000228cf918010 JavaThread "ForkJoinPool.commonPool-worker-2" daemon [_thread_blocked, id=62228, stack(0x000000a69fa00000,0x000000a69fb00000)]
  0x00000228cf915ca0 JavaThread "Timer-6" [_thread_blocked, id=59008, stack(0x000000a69b800000,0x000000a69b900000)]
  0x00000228cf914860 JavaThread "Connection worker" [_thread_in_native, id=49588, stack(0x000000a69b900000,0x000000a69ba00000)]
  0x00000228cf9175f0 JavaThread "Exec process Thread 7" [_thread_blocked, id=14496, stack(0x000000a69ba00000,0x000000a69bb00000)]
  0x00000228cf919960 JavaThread "Exec process Thread 8" [_thread_blocked, id=66552, stack(0x000000a69f300000,0x000000a69f400000)]
  0x00000228cf9124f0 JavaThread "Exec process Thread 9" [_thread_blocked, id=46164, stack(0x000000a69f400000,0x000000a69f500000)]
  0x00000228cf913420 JavaThread "pool-3-thread-1" [_thread_blocked, id=60816, stack(0x000000a69df00000,0x000000a69e000000)]
  0x00000228cf917b00 JavaThread "Forward input" [_thread_blocked, id=66572, stack(0x000000a69f600000,0x000000a69f700000)]

Other Threads:
  0x00000228cabf14b0 VMThread "VM Thread" [stack: 0x000000a69bd00000,0x000000a69be00000] [id=65532]
  0x00000228caef0d40 WatcherThread [stack: 0x000000a69c900000,0x000000a69ca00000] [id=57084]
  0x00000228b3002360 GCTaskThread "GC Thread#0" [stack: 0x000000a69bc00000,0x000000a69bd00000] [id=64760]
  0x00000228cc380460 GCTaskThread "GC Thread#1" [stack: 0x000000a69ca00000,0x000000a69cb00000] [id=65028]
  0x00000228cc380930 GCTaskThread "GC Thread#2" [stack: 0x000000a69cb00000,0x000000a69cc00000] [id=67072]
  0x00000228cc380bf0 GCTaskThread "GC Thread#3" [stack: 0x000000a69cc00000,0x000000a69cd00000] [id=21436]
  0x00000228cc380eb0 GCTaskThread "GC Thread#4" [stack: 0x000000a69cd00000,0x000000a69ce00000] [id=63704]
  0x00000228cc381170 GCTaskThread "GC Thread#5" [stack: 0x000000a69ce00000,0x000000a69cf00000] [id=65812]
  0x00000228cc381430 GCTaskThread "GC Thread#6" [stack: 0x000000a69cf00000,0x000000a69d000000] [id=56800]
  0x00000228cc7f6c50 GCTaskThread "GC Thread#7" [stack: 0x000000a69d400000,0x000000a69d500000] [id=18840]

Threads with active compile tasks:
C2 CompilerThread0    89491 8331   !   4       java.io.ObjectStreamClass::readNonProxy (401 bytes)

VM state: not at safepoint (normal execution)

VM Mutex/Monitor currently owned by a thread: None

Heap address: 0x00000000e0000000, size: 512 MB, Compressed Oops mode: 32-bit

CDS archive(s) not mapped
Compressed class space mapped at: 0x0000000100000000-0x0000000140000000, reserved size: 1073741824
Narrow klass base: 0x0000000000000000, Narrow klass shift: 3, Narrow klass range: 0x140000000

GC Precious Log:
 CPUs: 8 total, 8 available
 Memory: 16126M
 Large Page Support: Disabled
 NUMA Support: Disabled
 Compressed Oops: Enabled (32-bit)
 Alignments: Space 512K, Generation 512K, Heap 2M
 Heap Min Capacity: 100M
 Heap Initial Capacity: 100M
 Heap Max Capacity: 512M
 Pre-touch: Disabled
 Parallel Workers: 8

Heap:
 PSYoungGen      total 22528K, used 19824K [0x00000000f5580000, 0x00000000f7000000, 0x0000000100000000)
  eden space 22016K, 87% used [0x00000000f5580000,0x00000000f685c2e8,0x00000000f6b00000)
  from space 512K, 100% used [0x00000000f6f00000,0x00000000f6f80000,0x00000000f6f80000)
  to   space 512K, 0% used [0x00000000f6f80000,0x00000000f6f80000,0x00000000f7000000)
 ParOldGen       total 68608K, used 33734K [0x00000000e0000000, 0x00000000e4300000, 0x00000000f5580000)
  object space 68608K, 49% used [0x00000000e0000000,0x00000000e20f1b10,0x00000000e4300000)
 Metaspace       used 66621K, committed 67712K, reserved 1114112K
  class space    used 7744K, committed 8256K, reserved 1048576K

Card table byte_map: [0x00000228b2970000,0x00000228b2a80000] _byte_map_base: 0x00000228b2270000

Marking Bits: (ParMarkBitMap*) 0x00007ffed49b58b0
 Begin Bits: [0x00000228c4c70000, 0x00000228c5470000)
 End Bits:   [0x00000228c5470000, 0x00000228c5c70000)

Polling page: 0x00000228b0f60000

Metaspace:

Usage:
  Non-class:     57.50 MB used.
      Class:      7.56 MB used.
       Both:     65.06 MB used.

Virtual space:
  Non-class space:       64.00 MB reserved,      58.06 MB ( 91%) committed,  1 nodes.
      Class space:        1.00 GB reserved,       8.06 MB ( <1%) committed,  1 nodes.
             Both:        1.06 GB reserved,      66.12 MB (  6%) committed. 

Chunk freelists:
   Non-Class:  5.83 MB
       Class:  7.85 MB
        Both:  13.68 MB

MaxMetaspaceSize: unlimited
CompressedClassSpaceSize: 1.00 GB
Initial GC threshold: 21.00 MB
Current GC threshold: 98.12 MB
CDS: off
MetaspaceReclaimPolicy: balanced
 - commit_granule_bytes: 65536.
 - commit_granule_words: 8192.
 - virtual_space_node_default_size: 8388608.
 - enlarge_chunks_in_place: 1.
 - new_chunks_are_fully_committed: 0.
 - uncommit_free_chunks: 1.
 - use_allocation_guard: 0.
 - handle_deallocations: 1.


Internal statistics:

num_allocs_failed_limit: 13.
num_arena_births: 716.
num_arena_deaths: 44.
num_vsnodes_births: 2.
num_vsnodes_deaths: 0.
num_space_committed: 1058.
num_space_uncommitted: 0.
num_chunks_returned_to_freelist: 68.
num_chunks_taken_from_freelist: 3233.
num_chunk_merges: 15.
num_chunk_splits: 1979.
num_chunks_enlarged: 1210.
num_inconsistent_stats: 0.

CodeHeap 'non-profiled nmethods': size=120000Kb used=4414Kb max_used=4513Kb free=115586Kb
 bounds [0x00000228bd740000, 0x00000228bdbd0000, 0x00000228c4c70000]
CodeHeap 'profiled nmethods': size=120000Kb used=13133Kb max_used=14432Kb free=106866Kb
 bounds [0x00000228b5c70000, 0x00000228b6a90000, 0x00000228bd1a0000]
CodeHeap 'non-nmethods': size=5760Kb used=1373Kb max_used=1429Kb free=4387Kb
 bounds [0x00000228bd1a0000, 0x00000228bd410000, 0x00000228bd740000]
 total_blobs=7542 nmethods=6842 adapters=614
 compilation: enabled
              stopped_count=0, restarted_count=0
 full_count=0

Compilation events (20 events):
Event: 88.300 Thread 0x00000228cac02110 nmethod 8309 0x00000228bdba8790 code [0x00000228bdba8e60, 0x00000228bdbb3928]
Event: 88.301 Thread 0x00000228cac02110 8310   !   4       java.io.ObjectInputStream::filterCheck (369 bytes)
Event: 88.302 Thread 0x00000228cac02110 nmethod 8310 0x00000228bda8e010 code [0x00000228bda8e180, 0x00000228bda8e258]
Event: 88.302 Thread 0x00000228cac02110 8312       4       java.io.ObjectStreamField::<init> (231 bytes)
Event: 88.305 Thread 0x00000228cac02110 nmethod 8312 0x00000228bda0bd10 code [0x00000228bda0bea0, 0x00000228bda0c068]
Event: 88.306 Thread 0x00000228cac02110 8317   !   4       java.io.ObjectInputStream::readObject0 (681 bytes)
Event: 88.431 Thread 0x00000228cac02110 nmethod 8317 0x00000228bdbb9a90 code [0x00000228bdbb9e20, 0x00000228bdbbdb50]
Event: 88.852 Thread 0x00000228cac02110 8325   !   4       java.io.ObjectInputStream::readSerialData (549 bytes)
Event: 89.030 Thread 0x00000228cac02110 nmethod 8325 0x00000228bdbc0610 code [0x00000228bdbc0980, 0x00000228bdbc4c20]
Event: 89.031 Thread 0x00000228cac02110 8326       4       java.io.ObjectInputStream$FieldValues::defaultSetFieldValues (39 bytes)
Event: 89.037 Thread 0x00000228cac02110 nmethod 8326 0x00000228bd7c3790 code [0x00000228bd7c3940, 0x00000228bd7c3da8]
Event: 89.236 Thread 0x00000228cac02110 8327       4       java.lang.Thread::interrupted (23 bytes)
Event: 89.237 Thread 0x00000228cac02110 nmethod 8327 0x00000228bd7c3490 code [0x00000228bd7c3620, 0x00000228bd7c36c8]
Event: 89.332 Thread 0x00000228cac91550 8328       3       java.io.ObjectInputStream::readNull (27 bytes)
Event: 89.332 Thread 0x00000228cac91550 nmethod 8328 0x00000228b62d8790 code [0x00000228b62d8960, 0x00000228b62d8d08]
Event: 89.355 Thread 0x00000228cac91550 8329       3       java.io.ObjectStreamClass::checkInitialized (19 bytes)
Event: 89.355 Thread 0x00000228cac91550 nmethod 8329 0x00000228b62cf810 code [0x00000228b62cf9c0, 0x00000228b62cfb88]
Event: 89.357 Thread 0x00000228cac02110 8330       4       java.io.ObjectStreamClass::computeFieldOffsets (308 bytes)
Event: 89.362 Thread 0x00000228cac02110 nmethod 8330 0x00000228bda19a10 code [0x00000228bda19ba0, 0x00000228bda19d98]
Event: 89.362 Thread 0x00000228cac02110 8331   !   4       java.io.ObjectStreamClass::readNonProxy (401 bytes)

GC Heap History (20 events):
Event: 11.307 GC heap before
{Heap before GC invocations=25 (full 2):
 PSYoungGen      total 23040K, used 22603K [0x00000000f5580000, 0x00000000f7400000, 0x0000000100000000)
  eden space 22016K, 98% used [0x00000000f5580000,0x00000000f6a991a8,0x00000000f6b00000)
  from space 1024K, 97% used [0x00000000f7200000,0x00000000f72f9c00,0x00000000f7300000)
  to   space 4608K, 0% used [0x00000000f6b00000,0x00000000f6b00000,0x00000000f6f80000)
 ParOldGen       total 68608K, used 30708K [0x00000000e0000000, 0x00000000e4300000, 0x00000000f5580000)
  object space 68608K, 44% used [0x00000000e0000000,0x00000000e1dfd318,0x00000000e4300000)
 Metaspace       used 59256K, committed 60288K, reserved 1114112K
  class space    used 6849K, committed 7296K, reserved 1048576K
}
Event: 11.309 GC heap after
{Heap after GC invocations=25 (full 2):
 PSYoungGen      total 26624K, used 800K [0x00000000f5580000, 0x00000000f7280000, 0x0000000100000000)
  eden space 22016K, 0% used [0x00000000f5580000,0x00000000f5580000,0x00000000f6b00000)
  from space 4608K, 17% used [0x00000000f6b00000,0x00000000f6bc8000,0x00000000f6f80000)
  to   space 2048K, 0% used [0x00000000f7080000,0x00000000f7080000,0x00000000f7280000)
 ParOldGen       total 68608K, used 31709K [0x00000000e0000000, 0x00000000e4300000, 0x00000000f5580000)
  object space 68608K, 46% used [0x00000000e0000000,0x00000000e1ef7420,0x00000000e4300000)
 Metaspace       used 59256K, committed 60288K, reserved 1114112K
  class space    used 6849K, committed 7296K, reserved 1048576K
}
Event: 11.309 GC heap before
{Heap before GC invocations=26 (full 3):
 PSYoungGen      total 26624K, used 800K [0x00000000f5580000, 0x00000000f7280000, 0x0000000100000000)
  eden space 22016K, 0% used [0x00000000f5580000,0x00000000f5580000,0x00000000f6b00000)
  from space 4608K, 17% used [0x00000000f6b00000,0x00000000f6bc8000,0x00000000f6f80000)
  to   space 2048K, 0% used [0x00000000f7080000,0x00000000f7080000,0x00000000f7280000)
 ParOldGen       total 68608K, used 31709K [0x00000000e0000000, 0x00000000e4300000, 0x00000000f5580000)
  object space 68608K, 46% used [0x00000000e0000000,0x00000000e1ef7420,0x00000000e4300000)
 Metaspace       used 59256K, committed 60288K, reserved 1114112K
  class space    used 6849K, committed 7296K, reserved 1048576K
}
Event: 11.368 GC heap after
{Heap after GC invocations=26 (full 3):
 PSYoungGen      total 26624K, used 0K [0x00000000f5580000, 0x00000000f7280000, 0x0000000100000000)
  eden space 22016K, 0% used [0x00000000f5580000,0x00000000f5580000,0x00000000f6b00000)
  from space 4608K, 0% used [0x00000000f6b00000,0x00000000f6b00000,0x00000000f6f80000)
  to   space 2048K, 0% used [0x00000000f7080000,0x00000000f7080000,0x00000000f7280000)
 ParOldGen       total 68608K, used 30775K [0x00000000e0000000, 0x00000000e4300000, 0x00000000f5580000)
  object space 68608K, 44% used [0x00000000e0000000,0x00000000e1e0def0,0x00000000e4300000)
 Metaspace       used 59228K, committed 60288K, reserved 1114112K
  class space    used 6841K, committed 7296K, reserved 1048576K
}
Event: 12.325 GC heap before
{Heap before GC invocations=27 (full 3):
 PSYoungGen      total 26624K, used 22016K [0x00000000f5580000, 0x00000000f7280000, 0x0000000100000000)
  eden space 22016K, 100% used [0x00000000f5580000,0x00000000f6b00000,0x00000000f6b00000)
  from space 4608K, 0% used [0x00000000f6b00000,0x00000000f6b00000,0x00000000f6f80000)
  to   space 2048K, 0% used [0x00000000f7080000,0x00000000f7080000,0x00000000f7280000)
 ParOldGen       total 68608K, used 30775K [0x00000000e0000000, 0x00000000e4300000, 0x00000000f5580000)
  object space 68608K, 44% used [0x00000000e0000000,0x00000000e1e0def0,0x00000000e4300000)
 Metaspace       used 61775K, committed 62784K, reserved 1114112K
  class space    used 7222K, committed 7680K, reserved 1048576K
}
Event: 12.328 GC heap after
{Heap after GC invocations=27 (full 3):
 PSYoungGen      total 23040K, used 888K [0x00000000f5580000, 0x00000000f7180000, 0x0000000100000000)
  eden space 22016K, 0% used [0x00000000f5580000,0x00000000f5580000,0x00000000f6b00000)
  from space 1024K, 86% used [0x00000000f7080000,0x00000000f715e230,0x00000000f7180000)
  to   space 1536K, 0% used [0x00000000f6e80000,0x00000000f6e80000,0x00000000f7000000)
 ParOldGen       total 68608K, used 30783K [0x00000000e0000000, 0x00000000e4300000, 0x00000000f5580000)
  object space 68608K, 44% used [0x00000000e0000000,0x00000000e1e0fef0,0x00000000e4300000)
 Metaspace       used 61775K, committed 62784K, reserved 1114112K
  class space    used 7222K, committed 7680K, reserved 1048576K
}
Event: 13.013 GC heap before
{Heap before GC invocations=28 (full 3):
 PSYoungGen      total 23040K, used 22904K [0x00000000f5580000, 0x00000000f7180000, 0x0000000100000000)
  eden space 22016K, 100% used [0x00000000f5580000,0x00000000f6b00000,0x00000000f6b00000)
  from space 1024K, 86% used [0x00000000f7080000,0x00000000f715e230,0x00000000f7180000)
  to   space 1536K, 0% used [0x00000000f6e80000,0x00000000f6e80000,0x00000000f7000000)
 ParOldGen       total 68608K, used 30783K [0x00000000e0000000, 0x00000000e4300000, 0x00000000f5580000)
  object space 68608K, 44% used [0x00000000e0000000,0x00000000e1e0fef0,0x00000000e4300000)
 Metaspace       used 62443K, committed 63424K, reserved 1114112K
  class space    used 7316K, committed 7680K, reserved 1048576K
}
Event: 13.015 GC heap after
{Heap after GC invocations=28 (full 3):
 PSYoungGen      total 23552K, used 272K [0x00000000f5580000, 0x00000000f7100000, 0x0000000100000000)
  eden space 22016K, 0% used [0x00000000f5580000,0x00000000f5580000,0x00000000f6b00000)
  from space 1536K, 17% used [0x00000000f6e80000,0x00000000f6ec4010,0x00000000f7000000)
  to   space 1024K, 0% used [0x00000000f7000000,0x00000000f7000000,0x00000000f7100000)
 ParOldGen       total 68608K, used 31517K [0x00000000e0000000, 0x00000000e4300000, 0x00000000f5580000)
  object space 68608K, 45% used [0x00000000e0000000,0x00000000e1ec7558,0x00000000e4300000)
 Metaspace       used 62443K, committed 63424K, reserved 1114112K
  class space    used 7316K, committed 7680K, reserved 1048576K
}
Event: 24.462 GC heap before
{Heap before GC invocations=29 (full 3):
 PSYoungGen      total 23552K, used 22288K [0x00000000f5580000, 0x00000000f7100000, 0x0000000100000000)
  eden space 22016K, 100% used [0x00000000f5580000,0x00000000f6b00000,0x00000000f6b00000)
  from space 1536K, 17% used [0x00000000f6e80000,0x00000000f6ec4010,0x00000000f7000000)
  to   space 1024K, 0% used [0x00000000f7000000,0x00000000f7000000,0x00000000f7100000)
 ParOldGen       total 68608K, used 31517K [0x00000000e0000000, 0x00000000e4300000, 0x00000000f5580000)
  object space 68608K, 45% used [0x00000000e0000000,0x00000000e1ec7558,0x00000000e4300000)
 Metaspace       used 64110K, committed 65152K, reserved 1114112K
  class space    used 7539K, committed 8000K, reserved 1048576K
}
Event: 24.464 GC heap after
{Heap after GC invocations=29 (full 3):
 PSYoungGen      total 23040K, used 1015K [0x00000000f5580000, 0x00000000f7100000, 0x0000000100000000)
  eden space 22016K, 0% used [0x00000000f5580000,0x00000000f5580000,0x00000000f6b00000)
  from space 1024K, 99% used [0x00000000f7000000,0x00000000f70fdfc8,0x00000000f7100000)
  to   space 2048K, 0% used [0x00000000f6d00000,0x00000000f6d00000,0x00000000f6f00000)
 ParOldGen       total 68608K, used 32053K [0x00000000e0000000, 0x00000000e4300000, 0x00000000f5580000)
  object space 68608K, 46% used [0x00000000e0000000,0x00000000e1f4d588,0x00000000e4300000)
 Metaspace       used 64110K, committed 65152K, reserved 1114112K
  class space    used 7539K, committed 8000K, reserved 1048576K
}
Event: 26.131 GC heap before
{Heap before GC invocations=30 (full 3):
 PSYoungGen      total 23040K, used 23031K [0x00000000f5580000, 0x00000000f7100000, 0x0000000100000000)
  eden space 22016K, 100% used [0x00000000f5580000,0x00000000f6b00000,0x00000000f6b00000)
  from space 1024K, 99% used [0x00000000f7000000,0x00000000f70fdfc8,0x00000000f7100000)
  to   space 2048K, 0% used [0x00000000f6d00000,0x00000000f6d00000,0x00000000f6f00000)
 ParOldGen       total 68608K, used 32053K [0x00000000e0000000, 0x00000000e4300000, 0x00000000f5580000)
  object space 68608K, 46% used [0x00000000e0000000,0x00000000e1f4d588,0x00000000e4300000)
 Metaspace       used 64438K, committed 65472K, reserved 1114112K
  class space    used 7547K, committed 8000K, reserved 1048576K
}
Event: 26.134 GC heap after
{Heap after GC invocations=30 (full 3):
 PSYoungGen      total 24064K, used 256K [0x00000000f5580000, 0x00000000f7080000, 0x0000000100000000)
  eden space 22016K, 0% used [0x00000000f5580000,0x00000000f5580000,0x00000000f6b00000)
  from space 2048K, 12% used [0x00000000f6d00000,0x00000000f6d40000,0x00000000f6f00000)
  to   space 1024K, 0% used [0x00000000f6f80000,0x00000000f6f80000,0x00000000f7080000)
 ParOldGen       total 68608K, used 33054K [0x00000000e0000000, 0x00000000e4300000, 0x00000000f5580000)
  object space 68608K, 48% used [0x00000000e0000000,0x00000000e2047b10,0x00000000e4300000)
 Metaspace       used 64438K, committed 65472K, reserved 1114112K
  class space    used 7547K, committed 8000K, reserved 1048576K
}
Event: 26.847 GC heap before
{Heap before GC invocations=31 (full 3):
 PSYoungGen      total 24064K, used 22272K [0x00000000f5580000, 0x00000000f7080000, 0x0000000100000000)
  eden space 22016K, 100% used [0x00000000f5580000,0x00000000f6b00000,0x00000000f6b00000)
  from space 2048K, 12% used [0x00000000f6d00000,0x00000000f6d40000,0x00000000f6f00000)
  to   space 1024K, 0% used [0x00000000f6f80000,0x00000000f6f80000,0x00000000f7080000)
 ParOldGen       total 68608K, used 33054K [0x00000000e0000000, 0x00000000e4300000, 0x00000000f5580000)
  object space 68608K, 48% used [0x00000000e0000000,0x00000000e2047b10,0x00000000e4300000)
 Metaspace       used 64508K, committed 65536K, reserved 1114112K
  class space    used 7547K, committed 8000K, reserved 1048576K
}
Event: 26.848 GC heap after
{Heap after GC invocations=31 (full 3):
 PSYoungGen      total 22528K, used 160K [0x00000000f5580000, 0x00000000f7000000, 0x0000000100000000)
  eden space 22016K, 0% used [0x00000000f5580000,0x00000000f5580000,0x00000000f6b00000)
  from space 512K, 31% used [0x00000000f6f80000,0x00000000f6fa8000,0x00000000f7000000)
  to   space 512K, 0% used [0x00000000f6f00000,0x00000000f6f00000,0x00000000f6f80000)
 ParOldGen       total 68608K, used 33134K [0x00000000e0000000, 0x00000000e4300000, 0x00000000f5580000)
  object space 68608K, 48% used [0x00000000e0000000,0x00000000e205bb10,0x00000000e4300000)
 Metaspace       used 64508K, committed 65536K, reserved 1114112K
  class space    used 7547K, committed 8000K, reserved 1048576K
}
Event: 27.424 GC heap before
{Heap before GC invocations=32 (full 3):
 PSYoungGen      total 22528K, used 22176K [0x00000000f5580000, 0x00000000f7000000, 0x0000000100000000)
  eden space 22016K, 100% used [0x00000000f5580000,0x00000000f6b00000,0x00000000f6b00000)
  from space 512K, 31% used [0x00000000f6f80000,0x00000000f6fa8000,0x00000000f7000000)
  to   space 512K, 0% used [0x00000000f6f00000,0x00000000f6f00000,0x00000000f6f80000)
 ParOldGen       total 68608K, used 33134K [0x00000000e0000000, 0x00000000e4300000, 0x00000000f5580000)
  object space 68608K, 48% used [0x00000000e0000000,0x00000000e205bb10,0x00000000e4300000)
 Metaspace       used 64561K, committed 65600K, reserved 1114112K
  class space    used 7547K, committed 8000K, reserved 1048576K
}
Event: 27.425 GC heap after
{Heap after GC invocations=32 (full 3):
 PSYoungGen      total 22528K, used 224K [0x00000000f5580000, 0x00000000f7000000, 0x0000000100000000)
  eden space 22016K, 0% used [0x00000000f5580000,0x00000000f5580000,0x00000000f6b00000)
  from space 512K, 43% used [0x00000000f6f00000,0x00000000f6f38000,0x00000000f6f80000)
  to   space 512K, 0% used [0x00000000f6f80000,0x00000000f6f80000,0x00000000f7000000)
 ParOldGen       total 68608K, used 33206K [0x00000000e0000000, 0x00000000e4300000, 0x00000000f5580000)
  object space 68608K, 48% used [0x00000000e0000000,0x00000000e206db10,0x00000000e4300000)
 Metaspace       used 64561K, committed 65600K, reserved 1114112K
  class space    used 7547K, committed 8000K, reserved 1048576K
}
Event: 27.918 GC heap before
{Heap before GC invocations=33 (full 3):
 PSYoungGen      total 22528K, used 22240K [0x00000000f5580000, 0x00000000f7000000, 0x0000000100000000)
  eden space 22016K, 100% used [0x00000000f5580000,0x00000000f6b00000,0x00000000f6b00000)
  from space 512K, 43% used [0x00000000f6f00000,0x00000000f6f38000,0x00000000f6f80000)
  to   space 512K, 0% used [0x00000000f6f80000,0x00000000f6f80000,0x00000000f7000000)
 ParOldGen       total 68608K, used 33206K [0x00000000e0000000, 0x00000000e4300000, 0x00000000f5580000)
  object space 68608K, 48% used [0x00000000e0000000,0x00000000e206db10,0x00000000e4300000)
 Metaspace       used 64737K, committed 65792K, reserved 1114112K
  class space    used 7548K, committed 8000K, reserved 1048576K
}
Event: 27.919 GC heap after
{Heap after GC invocations=33 (full 3):
 PSYoungGen      total 22528K, used 224K [0x00000000f5580000, 0x00000000f7000000, 0x0000000100000000)
  eden space 22016K, 0% used [0x00000000f5580000,0x00000000f5580000,0x00000000f6b00000)
  from space 512K, 43% used [0x00000000f6f80000,0x00000000f6fb8000,0x00000000f7000000)
  to   space 512K, 0% used [0x00000000f6f00000,0x00000000f6f00000,0x00000000f6f80000)
 ParOldGen       total 68608K, used 33270K [0x00000000e0000000, 0x00000000e4300000, 0x00000000f5580000)
  object space 68608K, 48% used [0x00000000e0000000,0x00000000e207db10,0x00000000e4300000)
 Metaspace       used 64737K, committed 65792K, reserved 1114112K
  class space    used 7548K, committed 8000K, reserved 1048576K
}
Event: 82.513 GC heap before
{Heap before GC invocations=34 (full 3):
 PSYoungGen      total 22528K, used 22240K [0x00000000f5580000, 0x00000000f7000000, 0x0000000100000000)
  eden space 22016K, 100% used [0x00000000f5580000,0x00000000f6b00000,0x00000000f6b00000)
  from space 512K, 43% used [0x00000000f6f80000,0x00000000f6fb8000,0x00000000f7000000)
  to   space 512K, 0% used [0x00000000f6f00000,0x00000000f6f00000,0x00000000f6f80000)
 ParOldGen       total 68608K, used 33270K [0x00000000e0000000, 0x00000000e4300000, 0x00000000f5580000)
  object space 68608K, 48% used [0x00000000e0000000,0x00000000e207db10,0x00000000e4300000)
 Metaspace       used 66382K, committed 67520K, reserved 1114112K
  class space    used 7739K, committed 8256K, reserved 1048576K
}
Event: 82.515 GC heap after
{Heap after GC invocations=34 (full 3):
 PSYoungGen      total 22528K, used 512K [0x00000000f5580000, 0x00000000f7000000, 0x0000000100000000)
  eden space 22016K, 0% used [0x00000000f5580000,0x00000000f5580000,0x00000000f6b00000)
  from space 512K, 100% used [0x00000000f6f00000,0x00000000f6f80000,0x00000000f6f80000)
  to   space 512K, 0% used [0x00000000f6f80000,0x00000000f6f80000,0x00000000f7000000)
 ParOldGen       total 68608K, used 33734K [0x00000000e0000000, 0x00000000e4300000, 0x00000000f5580000)
  object space 68608K, 49% used [0x00000000e0000000,0x00000000e20f1b10,0x00000000e4300000)
 Metaspace       used 66382K, committed 67520K, reserved 1114112K
  class space    used 7739K, committed 8256K, reserved 1048576K
}

Dll operation events (15 events):
Event: 0.034 Loaded shared library c:\Users\Mohammad.Junaid\.vscode\extensions\redhat.java-1.34.0-win32-x64\jre\17.0.12-win32-x86_64\bin\java.dll
Event: 0.547 Loaded shared library c:\Users\Mohammad.Junaid\.vscode\extensions\redhat.java-1.34.0-win32-x64\jre\17.0.12-win32-x86_64\bin\zip.dll
Event: 0.552 Loaded shared library C:\Users\Mohammad.Junaid\.vscode\extensions\redhat.java-1.34.0-win32-x64\jre\17.0.12-win32-x86_64\bin\instrument.dll
Event: 0.571 Loaded shared library C:\Users\Mohammad.Junaid\.vscode\extensions\redhat.java-1.34.0-win32-x64\jre\17.0.12-win32-x86_64\bin\net.dll
Event: 0.576 Loaded shared library C:\Users\Mohammad.Junaid\.vscode\extensions\redhat.java-1.34.0-win32-x64\jre\17.0.12-win32-x86_64\bin\nio.dll
Event: 0.647 Loaded shared library C:\Users\Mohammad.Junaid\.vscode\extensions\redhat.java-1.34.0-win32-x64\jre\17.0.12-win32-x86_64\bin\zip.dll
Event: 0.684 Loaded shared library C:\Users\Mohammad.Junaid\.vscode\extensions\redhat.java-1.34.0-win32-x64\jre\17.0.12-win32-x86_64\bin\jimage.dll
Event: 0.846 Loaded shared library c:\Users\Mohammad.Junaid\.vscode\extensions\redhat.java-1.34.0-win32-x64\jre\17.0.12-win32-x86_64\bin\verify.dll
Event: 3.507 Loaded shared library C:\Users\Mohammad.Junaid\AppData\Roaming\Code\User\globalStorage\redhat.java\1.34.0\config_win\org.eclipse.equinox.launcher\org.eclipse.equinox.launcher.win32.win32.x86_64_1.2.1100.v20240722-2106\eclipse_11904.dll
Event: 6.008 Loaded shared library C:\Users\Mohammad.Junaid\AppData\Local\Temp\jna--158988439\jna3368669987831630875.dll
Event: 9.930 Loaded shared library C:\Users\Mohammad.Junaid\.vscode\extensions\redhat.java-1.34.0-win32-x64\jre\17.0.12-win32-x86_64\bin\sunmscapi.dll
Event: 10.380 Loaded shared library C:\Users\Mohammad.Junaid\.gradle\native\25\windows-amd64\native-platform.dll
Event: 10.993 Loaded shared library C:\Users\Mohammad.Junaid\.vscode\extensions\redhat.java-1.34.0-win32-x64\jre\17.0.12-win32-x86_64\bin\extnet.dll
Event: 11.205 Loaded shared library C:\Users\Mohammad.Junaid\.vscode\extensions\redhat.java-1.34.0-win32-x64\jre\17.0.12-win32-x86_64\bin\management.dll
Event: 11.212 Loaded shared library C:\Users\Mohammad.Junaid\.vscode\extensions\redhat.java-1.34.0-win32-x64\jre\17.0.12-win32-x86_64\bin\management_ext.dll

Deoptimization events (20 events):
Event: 86.343 Thread 0x00000228cf913420 DEOPT PACKING pc=0x00000228bd7b92f0 sp=0x000000a69dffea00
Event: 86.343 Thread 0x00000228cf913420 DEOPT UNPACKING pc=0x00000228bd1f9ea3 sp=0x000000a69dffe8d0 mode 2
Event: 86.345 Thread 0x00000228cf913420 DEOPT PACKING pc=0x00000228b60c319f sp=0x000000a69dffea80
Event: 86.345 Thread 0x00000228cf913420 DEOPT UNPACKING pc=0x00000228bd1fa9e3 sp=0x000000a69dffdf40 mode 0
Event: 86.437 Thread 0x00000228cf913420 DEOPT PACKING pc=0x00000228b60c319f sp=0x000000a69dffeab0
Event: 86.437 Thread 0x00000228cf913420 DEOPT UNPACKING pc=0x00000228bd1fa9e3 sp=0x000000a69dffdf70 mode 0
Event: 86.438 Thread 0x00000228cf913420 DEOPT PACKING pc=0x00000228b60c319f sp=0x000000a69dffeab0
Event: 86.438 Thread 0x00000228cf913420 DEOPT UNPACKING pc=0x00000228bd1fa9e3 sp=0x000000a69dffdf70 mode 0
Event: 86.439 Thread 0x00000228cf913420 DEOPT PACKING pc=0x00000228b60c319f sp=0x000000a69dffead0
Event: 86.439 Thread 0x00000228cf913420 DEOPT UNPACKING pc=0x00000228bd1fa9e3 sp=0x000000a69dffdf90 mode 0
Event: 86.440 Thread 0x00000228cf913420 DEOPT PACKING pc=0x00000228b60c319f sp=0x000000a69dffead0
Event: 86.440 Thread 0x00000228cf913420 DEOPT UNPACKING pc=0x00000228bd1fa9e3 sp=0x000000a69dffdf90 mode 0
Event: 86.441 Thread 0x00000228cf913420 DEOPT PACKING pc=0x00000228b60c319f sp=0x000000a69dffeaf0
Event: 86.441 Thread 0x00000228cf913420 DEOPT UNPACKING pc=0x00000228bd1fa9e3 sp=0x000000a69dffdfb0 mode 0
Event: 86.538 Thread 0x00000228cf913420 DEOPT PACKING pc=0x00000228b60c319f sp=0x000000a69dffeaf0
Event: 86.538 Thread 0x00000228cf913420 DEOPT UNPACKING pc=0x00000228bd1fa9e3 sp=0x000000a69dffdfb0 mode 0
Event: 86.539 Thread 0x00000228cf913420 DEOPT PACKING pc=0x00000228b60c319f sp=0x000000a69dffeaf0
Event: 86.539 Thread 0x00000228cf913420 DEOPT UNPACKING pc=0x00000228bd1fa9e3 sp=0x000000a69dffdfb0 mode 0
Event: 86.553 Thread 0x00000228cf914860 DEOPT PACKING pc=0x00000228b61a3eb5 sp=0x000000a69b9fdb50
Event: 86.553 Thread 0x00000228cf914860 DEOPT UNPACKING pc=0x00000228bd1fa9e3 sp=0x000000a69b9fcfe8 mode 0

Classes loaded (20 events):
Event: 80.517 Loading class java/lang/invoke/ConstantBootstraps
Event: 80.517 Loading class java/lang/invoke/ConstantBootstraps done
Event: 80.523 Loading class java/io/ObjectStreamClass$1
Event: 80.523 Loading class java/io/ObjectStreamClass$1 done
Event: 80.523 Loading class java/io/ObjectStreamClass$MemberSignature
Event: 80.523 Loading class java/io/ObjectStreamClass$MemberSignature done
Event: 80.523 Loading class java/io/ObjectStreamClass$3
Event: 80.524 Loading class java/io/ObjectStreamClass$3 done
Event: 80.524 Loading class java/io/ObjectStreamClass$4
Event: 80.524 Loading class java/io/ObjectStreamClass$4 done
Event: 80.524 Loading class java/io/ObjectStreamClass$5
Event: 80.524 Loading class java/io/ObjectStreamClass$5 done
Event: 80.532 Loading class java/io/ObjectStreamClass$ExceptionInfo
Event: 80.532 Loading class java/io/ObjectStreamClass$ExceptionInfo done
Event: 80.536 Loading class java/nio/channels/spi/AbstractSelector$1
Event: 80.536 Loading class java/nio/channels/spi/AbstractSelector$1 done
Event: 80.609 Loading class java/nio/channels/AsynchronousCloseException
Event: 80.609 Loading class java/nio/channels/ClosedChannelException
Event: 80.609 Loading class java/nio/channels/ClosedChannelException done
Event: 80.609 Loading class java/nio/channels/AsynchronousCloseException done

Classes unloaded (20 events):
Event: 5.405 Thread 0x00000228cabf14b0 Unloading class 0x000000010024bc00 'java/lang/invoke/LambdaForm$MH+0x000000010024bc00'
Event: 5.405 Thread 0x00000228cabf14b0 Unloading class 0x000000010024b800 'java/lang/invoke/LambdaForm$MH+0x000000010024b800'
Event: 5.405 Thread 0x00000228cabf14b0 Unloading class 0x000000010024b400 'java/lang/invoke/LambdaForm$BMH+0x000000010024b400'
Event: 5.405 Thread 0x00000228cabf14b0 Unloading class 0x000000010024b000 'java/lang/invoke/LambdaForm$DMH+0x000000010024b000'
Event: 5.405 Thread 0x00000228cabf14b0 Unloading class 0x0000000100248400 'java/lang/invoke/LambdaForm$DMH+0x0000000100248400'
Event: 11.320 Thread 0x00000228cabf14b0 Unloading class 0x00000001003abc00 'java/lang/invoke/LambdaForm$MH+0x00000001003abc00'
Event: 11.320 Thread 0x00000228cabf14b0 Unloading class 0x00000001003aac00 'java/lang/invoke/LambdaForm$MH+0x00000001003aac00'
Event: 11.320 Thread 0x00000228cabf14b0 Unloading class 0x00000001003aa800 'java/lang/invoke/LambdaForm$MH+0x00000001003aa800'
Event: 11.320 Thread 0x00000228cabf14b0 Unloading class 0x00000001003aa000 'java/lang/invoke/LambdaForm$DMH+0x00000001003aa000'
Event: 11.320 Thread 0x00000228cabf14b0 Unloading class 0x00000001003a9400 'java/lang/invoke/LambdaForm$MH+0x00000001003a9400'
Event: 11.320 Thread 0x00000228cabf14b0 Unloading class 0x00000001003a8c00 'java/lang/invoke/LambdaForm$MH+0x00000001003a8c00'
Event: 11.320 Thread 0x00000228cabf14b0 Unloading class 0x00000001003a4c00 'java/lang/invoke/LambdaForm$MH+0x00000001003a4c00'
Event: 11.320 Thread 0x00000228cabf14b0 Unloading class 0x00000001003a4400 'java/lang/invoke/LambdaForm$MH+0x00000001003a4400'
Event: 11.320 Thread 0x00000228cabf14b0 Unloading class 0x00000001003a3c00 'java/lang/invoke/LambdaForm$MH+0x00000001003a3c00'
Event: 11.320 Thread 0x00000228cabf14b0 Unloading class 0x00000001003a3800 'java/lang/invoke/LambdaForm$MH+0x00000001003a3800'
Event: 11.320 Thread 0x00000228cabf14b0 Unloading class 0x00000001003a2c00 'java/lang/invoke/LambdaForm$MH+0x00000001003a2c00'
Event: 11.320 Thread 0x00000228cabf14b0 Unloading class 0x00000001003a2400 'java/lang/invoke/LambdaForm$MH+0x00000001003a2400'
Event: 11.320 Thread 0x00000228cabf14b0 Unloading class 0x00000001003a1c00 'java/lang/invoke/LambdaForm$MH+0x00000001003a1c00'
Event: 11.320 Thread 0x00000228cabf14b0 Unloading class 0x00000001003a1800 'java/lang/invoke/LambdaForm$MH+0x00000001003a1800'
Event: 11.320 Thread 0x00000228cabf14b0 Unloading class 0x00000001003a1000 'java/lang/invoke/LambdaForm$DMH+0x00000001003a1000'

Classes redefined (0 events):
No events

Internal exceptions (20 events):
Event: 13.584 Thread 0x00000228cc969ee0 Exception <a 'java/io/FileNotFoundException'{0x00000000f66b40e8}> (0x00000000f66b40e8) 
thrown [s\src\hotspot\share\prims\jni.cpp, line 516]
Event: 14.296 Thread 0x00000228cc967660 Exception <a 'java/lang/NoSuchMethodError'{0x00000000f68190a8}: 'java.lang.Object java.lang.invoke.DirectMethodHandle$Holder.newInvokeSpecial(java.lang.Object, java.lang.Object, java.lang.Object, java.lang.Object, java.lang.Object, java.lang.Object)'> (0x00000000f68190a8) 
thrown [s\src\hotspot\share\interpreter\linkResolver.cpp, line 759]
Event: 24.446 Thread 0x00000228cd15a700 Exception <a 'java/lang/NoSuchMethodError'{0x00000000f61cf2a8}: 'java.lang.Object java.lang.invoke.DirectMethodHandle$Holder.invokeInterface(java.lang.Object, java.lang.Object, java.lang.Object)'> (0x00000000f61cf2a8) 
thrown [s\src\hotspot\share\interpreter\linkResolver.cpp, line 759]
Event: 80.524 Thread 0x00000228cf914860 Exception <a 'java/lang/NoSuchMethodError'{0x00000000f66ccf50}: static Lorg/gradle/tooling/internal/provider/BuildModelAction;.<clinit>()V> (0x00000000f66ccf50) 
thrown [s\src\hotspot\share\prims\jni.cpp, line 1112]
Event: 80.524 Thread 0x00000228cf914860 Exception <a 'java/lang/NoSuchMethodError'{0x00000000f66d5898}: static Lorg/gradle/tooling/internal/provider/SubscribableBuildAction;.<clinit>()V> (0x00000000f66d5898) 
thrown [s\src\hotspot\share\prims\jni.cpp, line 1112]
Event: 80.525 Thread 0x00000228cf914860 Exception <a 'java/lang/NoSuchMethodError'{0x00000000f66e30e0}: static Lorg/gradle/tooling/internal/provider/BuildClientSubscriptions;.<clinit>()V> (0x00000000f66e30e0) 
thrown [s\src\hotspot\share\prims\jni.cpp, line 1112]
Event: 80.527 Thread 0x00000228cf914860 Exception <a 'java/lang/NoSuchMethodError'{0x00000000f6705e60}: static Lorg/gradle/api/internal/StartParameterInternal;.<clinit>()V> (0x00000000f6705e60) 
thrown [s\src\hotspot\share\prims\jni.cpp, line 1112]
Event: 80.527 Thread 0x00000228cf914860 Exception <a 'java/lang/NoSuchMethodError'{0x00000000f670c778}: static Ljava/lang/Object;.<clinit>()V> (0x00000000f670c778) 
thrown [s\src\hotspot\share\prims\jni.cpp, line 1112]
Event: 80.531 Thread 0x00000228cf914860 Implicit null exception at 0x00000228bdb4738f to 0x00000228bdb47404
Event: 80.532 Thread 0x00000228cf914860 Exception <a 'java/lang/NoSuchMethodError'{0x00000000f6768940}: static Lorg/gradle/internal/logging/DefaultLoggingConfiguration;.<clinit>()V> (0x00000000f6768940) 
thrown [s\src\hotspot\share\prims\jni.cpp, line 1112]
Event: 80.533 Thread 0x00000228cf914860 Exception <a 'java/lang/NoSuchMethodError'{0x00000000f677c840}: static Ljava/lang/Object;.<clinit>()V> (0x00000000f677c840) 
thrown [s\src\hotspot\share\prims\jni.cpp, line 1112]
Event: 80.533 Thread 0x00000228cf914860 Exception <a 'java/lang/NoSuchMethodError'{0x00000000f678a118}: static Lorg/gradle/internal/deprecation/LoggingDeprecatable;.<clinit>()V> (0x00000000f678a118) 
thrown [s\src\hotspot\share\prims\jni.cpp, line 1112]
Event: 81.142 Thread 0x00000228cf914860 Exception <a 'java/lang/NoSuchMethodError'{0x00000000f680fa28}: static Lorg/gradle/tooling/internal/provider/events/AbstractProgressEvent;.<clinit>()V> (0x00000000f680fa28) 
thrown [s\src\hotspot\share\prims\jni.cpp, line 1112]
Event: 81.142 Thread 0x00000228cf914860 Exception <a 'java/lang/NoSuchMethodError'{0x00000000f681d5e8}: static Lorg/gradle/tooling/internal/provider/events/DefaultOperationStartedProgressEvent;.<clinit>()V> (0x00000000f681d5e8) 
thrown [s\src\hotspot\share\prims\jni.cpp, line 1112]
Event: 81.143 Thread 0x00000228cf914860 Exception <a 'java/lang/NoSuchMethodError'{0x00000000f6833598}: static Lorg/gradle/tooling/internal/provider/events/DefaultOperationDescriptor;.<clinit>()V> (0x00000000f6833598) 
thrown [s\src\hotspot\share\prims\jni.cpp, line 1112]
Event: 81.144 Thread 0x00000228cf914860 Exception <a 'java/lang/NoSuchMethodError'{0x00000000f6840eb8}: static Lorg/gradle/internal/operations/OperationIdentifier;.<clinit>()V> (0x00000000f6840eb8) 
thrown [s\src\hotspot\share\prims\jni.cpp, line 1112]
Event: 81.634 Thread 0x00000228cf914860 Exception <a 'java/lang/NoSuchMethodError'{0x00000000f68d8c40}: static Lorg/gradle/tooling/internal/provider/events/DefaultOperationFinishedProgressEvent;.<clinit>()V> (0x00000000f68d8c40) 
thrown [s\src\hotspot\share\prims\jni.cpp, line 1112]
Event: 81.637 Thread 0x00000228cf914860 Exception <a 'java/lang/NoSuchMethodError'{0x00000000f68f5390}: static Lorg/gradle/tooling/internal/provider/events/AbstractResult;.<clinit>()V> (0x00000000f68f5390) 
thrown [s\src\hotspot\share\prims\jni.cpp, line 1112]
Event: 81.638 Thread 0x00000228cf914860 Exception <a 'java/lang/NoSuchMethodError'{0x00000000f6909590}: static Lorg/gradle/tooling/internal/provider/events/AbstractOperationResult;.<clinit>()V> (0x00000000f6909590) 
thrown [s\src\hotspot\share\prims\jni.cpp, line 1112]
Event: 81.638 Thread 0x00000228cf914860 Exception <a 'java/lang/NoSuchMethodError'{0x00000000f6917640}: static Lorg/gradle/tooling/internal/provider/events/DefaultSuccessResult;.<clinit>()V> (0x00000000f6917640) 
thrown [s\src\hotspot\share\prims\jni.cpp, line 1112]

VM Operations (20 events):
Event: 81.186 Executing VM operation: HandshakeAllThreads
Event: 81.186 Executing VM operation: HandshakeAllThreads done
Event: 82.186 Executing VM operation: Cleanup
Event: 82.186 Executing VM operation: Cleanup done
Event: 82.513 Executing VM operation: ParallelGCFailedAllocation
Event: 82.515 Executing VM operation: ParallelGCFailedAllocation done
Event: 83.515 Executing VM operation: Cleanup
Event: 83.515 Executing VM operation: Cleanup done
Event: 83.996 Executing VM operation: HandshakeAllThreads
Event: 83.996 Executing VM operation: HandshakeAllThreads done
Event: 84.996 Executing VM operation: Cleanup
Event: 84.996 Executing VM operation: Cleanup done
Event: 85.997 Executing VM operation: Cleanup
Event: 85.997 Executing VM operation: Cleanup done
Event: 86.998 Executing VM operation: Cleanup
Event: 86.998 Executing VM operation: Cleanup done
Event: 87.999 Executing VM operation: Cleanup
Event: 87.999 Executing VM operation: Cleanup done
Event: 88.999 Executing VM operation: Cleanup
Event: 88.999 Executing VM operation: Cleanup done

Events (20 events):
Event: 84.006 Thread 0x00000228cac99b00 flushing nmethod 0x00000228b68db810
Event: 84.006 Thread 0x00000228cac99b00 flushing nmethod 0x00000228b68ff890
Event: 84.007 Thread 0x00000228cac99b00 flushing nmethod 0x00000228b69fa190
Event: 84.007 Thread 0x00000228cac99b00 flushing nmethod 0x00000228b6a05710
Event: 84.007 Thread 0x00000228cac99b00 flushing nmethod 0x00000228b6a05b90
Event: 84.007 Thread 0x00000228cac99b00 flushing nmethod 0x00000228b6a06890
Event: 84.007 Thread 0x00000228cac99b00 flushing nmethod 0x00000228b6a0d410
Event: 84.007 Thread 0x00000228cac99b00 flushing nmethod 0x00000228b6a0ec90
Event: 84.007 Thread 0x00000228cac99b00 flushing nmethod 0x00000228b6a0f390
Event: 84.007 Thread 0x00000228cac99b00 flushing nmethod 0x00000228b6a10a10
Event: 84.007 Thread 0x00000228cac99b00 flushing nmethod 0x00000228b6a11090
Event: 84.007 Thread 0x00000228cac99b00 flushing nmethod 0x00000228b6a13910
Event: 84.007 Thread 0x00000228cac99b00 flushing nmethod 0x00000228b6a13d90
Event: 84.007 Thread 0x00000228cac99b00 flushing nmethod 0x00000228b6a16b90
Event: 85.939 Thread 0x00000228d13ac380 Thread added: 0x00000228d13ac380
Event: 86.056 Thread 0x00000228d13ac380 Thread exited: 0x00000228d13ac380
Event: 86.547 Thread 0x00000228d13ac380 Thread added: 0x00000228d13ac380
Event: 86.650 Thread 0x00000228d13ace20 Thread added: 0x00000228d13ace20
Event: 87.235 Thread 0x00000228d13ace20 Thread exited: 0x00000228d13ace20
Event: 87.824 Thread 0x00000228d13ac380 Thread exited: 0x00000228d13ac380


Dynamic libraries:
0x00007ff632f00000 - 0x00007ff632f0e000 	c:\Users\Mohammad.Junaid\.vscode\extensions\redhat.java-1.34.0-win32-x64\jre\17.0.12-win32-x86_64\bin\java.exe
0x00007fffc3710000 - 0x00007fffc3927000 	C:\WINDOWS\SYSTEM32\ntdll.dll
0x00007fffc2c40000 - 0x00007fffc2d04000 	C:\WINDOWS\System32\KERNEL32.DLL
0x00007fffc0a80000 - 0x00007fffc0e26000 	C:\WINDOWS\System32\KERNELBASE.dll
0x0000000077290000 - 0x000000007732e000 	C:\ProgramData\Symantec\Symantec Endpoint Protection\14.3.9681.7000.105\Data\Sysfer\x64\sysfer.dll
0x00007fffc1180000 - 0x00007fffc1291000 	C:\WINDOWS\System32\ucrtbase.dll
0x00007fff93fd0000 - 0x00007fff93fe7000 	c:\Users\Mohammad.Junaid\.vscode\extensions\redhat.java-1.34.0-win32-x64\jre\17.0.12-win32-x86_64\bin\jli.dll
0x00007fffc30f0000 - 0x00007fffc329e000 	C:\WINDOWS\System32\USER32.dll
0x00007fff7df50000 - 0x00007fff7df6b000 	c:\Users\Mohammad.Junaid\.vscode\extensions\redhat.java-1.34.0-win32-x64\jre\17.0.12-win32-x86_64\bin\VCRUNTIME140.dll
0x00007fffc0eb0000 - 0x00007fffc0ed6000 	C:\WINDOWS\System32\win32u.dll
0x00007fffc1820000 - 0x00007fffc1849000 	C:\WINDOWS\System32\GDI32.dll
0x00007fffc12a0000 - 0x00007fffc13b8000 	C:\WINDOWS\System32\gdi32full.dll
0x00007fffc13c0000 - 0x00007fffc145a000 	C:\WINDOWS\System32\msvcp_win.dll
0x00007fff6e200000 - 0x00007fff6e493000 	C:\WINDOWS\WinSxS\amd64_microsoft.windows.common-controls_6595b64144ccf1df_6.0.22621.2506_none_270c5ae97388e100\COMCTL32.dll
0x00007fffc1db0000 - 0x00007fffc1e57000 	C:\WINDOWS\System32\msvcrt.dll
0x00007fffc34c0000 - 0x00007fffc34f1000 	C:\WINDOWS\System32\IMM32.DLL
0x00007fffb7fc0000 - 0x00007fffb7fcc000 	c:\Users\Mohammad.Junaid\.vscode\extensions\redhat.java-1.34.0-win32-x64\jre\17.0.12-win32-x86_64\bin\vcruntime140_1.dll
0x00007fff2a170000 - 0x00007fff2a1fd000 	c:\Users\Mohammad.Junaid\.vscode\extensions\redhat.java-1.34.0-win32-x64\jre\17.0.12-win32-x86_64\bin\msvcp140.dll
0x00007ffed3e10000 - 0x00007ffed4a7a000 	c:\Users\Mohammad.Junaid\.vscode\extensions\redhat.java-1.34.0-win32-x64\jre\17.0.12-win32-x86_64\bin\server\jvm.dll
0x00007fffc32a0000 - 0x00007fffc3351000 	C:\WINDOWS\System32\ADVAPI32.dll
0x00007fffc1cd0000 - 0x00007fffc1d75000 	C:\WINDOWS\System32\sechost.dll
0x00007fffc2b20000 - 0x00007fffc2c37000 	C:\WINDOWS\System32\RPCRT4.dll
0x00007fffc3070000 - 0x00007fffc30e1000 	C:\WINDOWS\System32\WS2_32.dll
0x00007fffc0950000 - 0x00007fffc099d000 	C:\WINDOWS\SYSTEM32\POWRPROF.dll
0x00007fffb8790000 - 0x00007fffb87c4000 	C:\WINDOWS\SYSTEM32\WINMM.dll
0x00007fffb87d0000 - 0x00007fffb87da000 	C:\WINDOWS\SYSTEM32\VERSION.dll
0x00007fffc0930000 - 0x00007fffc0943000 	C:\WINDOWS\SYSTEM32\UMPDC.dll
0x00007fffbfa80000 - 0x00007fffbfa98000 	C:\WINDOWS\SYSTEM32\kernel.appcore.dll
0x00007fffb73b0000 - 0x00007fffb73ba000 	c:\Users\Mohammad.Junaid\.vscode\extensions\redhat.java-1.34.0-win32-x64\jre\17.0.12-win32-x86_64\bin\jimage.dll
0x00007fffbe140000 - 0x00007fffbe373000 	C:\WINDOWS\SYSTEM32\DBGHELP.DLL
0x00007fffc2790000 - 0x00007fffc2b19000 	C:\WINDOWS\System32\combase.dll
0x00007fffc2df0000 - 0x00007fffc2ec7000 	C:\WINDOWS\System32\OLEAUT32.dll
0x00007fffb7c00000 - 0x00007fffb7c32000 	C:\WINDOWS\SYSTEM32\dbgcore.DLL
0x00007fffc0e30000 - 0x00007fffc0eaa000 	C:\WINDOWS\System32\bcryptPrimitives.dll
0x00007fffb7380000 - 0x00007fffb738e000 	c:\Users\Mohammad.Junaid\.vscode\extensions\redhat.java-1.34.0-win32-x64\jre\17.0.12-win32-x86_64\bin\instrument.dll
0x00007fff60490000 - 0x00007fff604b5000 	c:\Users\Mohammad.Junaid\.vscode\extensions\redhat.java-1.34.0-win32-x64\jre\17.0.12-win32-x86_64\bin\java.dll
0x00007fff69fc0000 - 0x00007fff69fd8000 	c:\Users\Mohammad.Junaid\.vscode\extensions\redhat.java-1.34.0-win32-x64\jre\17.0.12-win32-x86_64\bin\zip.dll
0x00007fffc1e60000 - 0x00007fffc26ba000 	C:\WINDOWS\System32\SHELL32.dll
0x00007fffbe8f0000 - 0x00007fffbf1e6000 	C:\WINDOWS\SYSTEM32\windows.storage.dll
0x00007fffbe7b0000 - 0x00007fffbe8ee000 	C:\WINDOWS\SYSTEM32\wintypes.dll
0x00007fffc3500000 - 0x00007fffc35f3000 	C:\WINDOWS\System32\SHCORE.dll
0x00007fffc1460000 - 0x00007fffc14be000 	C:\WINDOWS\System32\shlwapi.dll
0x00007fffc09b0000 - 0x00007fffc09d6000 	C:\WINDOWS\SYSTEM32\profapi.dll
0x00007fff696b0000 - 0x00007fff696c9000 	C:\Users\Mohammad.Junaid\.vscode\extensions\redhat.java-1.34.0-win32-x64\jre\17.0.12-win32-x86_64\bin\net.dll
0x00007fffba570000 - 0x00007fffba6a7000 	C:\WINDOWS\SYSTEM32\WINHTTP.dll
0x00007fffbff00000 - 0x00007fffbff69000 	C:\WINDOWS\system32\mswsock.dll
0x00007fff67d10000 - 0x00007fff67d26000 	C:\Users\Mohammad.Junaid\.vscode\extensions\redhat.java-1.34.0-win32-x64\jre\17.0.12-win32-x86_64\bin\nio.dll
0x00007fff9a680000 - 0x00007fff9a690000 	c:\Users\Mohammad.Junaid\.vscode\extensions\redhat.java-1.34.0-win32-x64\jre\17.0.12-win32-x86_64\bin\verify.dll
0x00007fff56720000 - 0x00007fff56765000 	C:\Users\Mohammad.Junaid\AppData\Roaming\Code\User\globalStorage\redhat.java\1.34.0\config_win\org.eclipse.equinox.launcher\org.eclipse.equinox.launcher.win32.win32.x86_64_1.2.1100.v20240722-2106\eclipse_11904.dll
0x00007fffc2ed0000 - 0x00007fffc3070000 	C:\WINDOWS\System32\ole32.dll
0x00007fffc0150000 - 0x00007fffc016b000 	C:\WINDOWS\SYSTEM32\CRYPTSP.dll
0x00007fffbf9e0000 - 0x00007fffbfa15000 	C:\WINDOWS\system32\rsaenh.dll
0x00007fffbfff0000 - 0x00007fffc001c000 	C:\WINDOWS\SYSTEM32\USERENV.dll
0x00007fffc02c0000 - 0x00007fffc02e8000 	C:\WINDOWS\SYSTEM32\bcrypt.dll
0x00007fffc0170000 - 0x00007fffc017c000 	C:\WINDOWS\SYSTEM32\CRYPTBASE.dll
0x00007fffbf310000 - 0x00007fffbf33d000 	C:\WINDOWS\SYSTEM32\IPHLPAPI.DLL
0x00007fffc14c0000 - 0x00007fffc14c9000 	C:\WINDOWS\System32\NSI.dll
0x00007fffba390000 - 0x00007fffba3a9000 	C:\WINDOWS\SYSTEM32\dhcpcsvc6.DLL
0x00007fffba370000 - 0x00007fffba38f000 	C:\WINDOWS\SYSTEM32\dhcpcsvc.DLL
0x00007fffbf340000 - 0x00007fffbf439000 	C:\WINDOWS\SYSTEM32\DNSAPI.dll
0x00007fff541f0000 - 0x00007fff54235000 	C:\Users\Mohammad.Junaid\AppData\Local\Temp\jna--158988439\jna3368669987831630875.dll
0x00007fffc1d80000 - 0x00007fffc1d88000 	C:\WINDOWS\System32\PSAPI.DLL
0x00007fff93ee0000 - 0x00007fff93eee000 	C:\Users\Mohammad.Junaid\.vscode\extensions\redhat.java-1.34.0-win32-x64\jre\17.0.12-win32-x86_64\bin\sunmscapi.dll
0x00007fffc0fa0000 - 0x00007fffc1106000 	C:\WINDOWS\System32\CRYPT32.dll
0x00007fffc0290000 - 0x00007fffc02bd000 	C:\WINDOWS\SYSTEM32\ncrypt.dll
0x00007fffc0250000 - 0x00007fffc0287000 	C:\WINDOWS\SYSTEM32\NTASN1.dll
0x00007fffb9d30000 - 0x00007fffb9d3a000 	C:\Windows\System32\rasadhlp.dll
0x00007fff93b70000 - 0x00007fff93b8e000 	C:\Users\Mohammad.Junaid\.gradle\native\25\windows-amd64\native-platform.dll
0x00007fffb9e90000 - 0x00007fffb9f13000 	C:\WINDOWS\System32\fwpuclnt.dll
0x00007fff93230000 - 0x00007fff93239000 	C:\Users\Mohammad.Junaid\.vscode\extensions\redhat.java-1.34.0-win32-x64\jre\17.0.12-win32-x86_64\bin\extnet.dll
0x00007fff9a4b0000 - 0x00007fff9a4b9000 	C:\Users\Mohammad.Junaid\.vscode\extensions\redhat.java-1.34.0-win32-x64\jre\17.0.12-win32-x86_64\bin\management.dll
0x00007fff94100000 - 0x00007fff9410b000 	C:\Users\Mohammad.Junaid\.vscode\extensions\redhat.java-1.34.0-win32-x64\jre\17.0.12-win32-x86_64\bin\management_ext.dll
0x00007fffb4130000 - 0x00007fffb41c7000 	C:\WINDOWS\system32\apphelp.dll
0x00007fff93d70000 - 0x00007fff93d78000 	C:\WINDOWS\system32\wshunix.dll

dbghelp: loaded successfully - version: 4.0.5 - missing functions: none
symbol engine: initialized successfully - sym options: 0x614 - pdb path: .;c:\Users\Mohammad.Junaid\.vscode\extensions\redhat.java-1.34.0-win32-x64\jre\17.0.12-win32-x86_64\bin;C:\WINDOWS\SYSTEM32;C:\ProgramData\Symantec\Symantec Endpoint Protection\14.3.9681.7000.105\Data\Sysfer\x64;C:\WINDOWS\WinSxS\amd64_microsoft.windows.common-controls_6595b64144ccf1df_6.0.22621.2506_none_270c5ae97388e100;c:\Users\Mohammad.Junaid\.vscode\extensions\redhat.java-1.34.0-win32-x64\jre\17.0.12-win32-x86_64\bin\server;C:\Users\Mohammad.Junaid\AppData\Roaming\Code\User\globalStorage\redhat.java\1.34.0\config_win\org.eclipse.equinox.launcher\org.eclipse.equinox.launcher.win32.win32.x86_64_1.2.1100.v20240722-2106;C:\Users\Mohammad.Junaid\AppData\Local\Temp\jna--158988439;C:\Users\Mohammad.Junaid\.gradle\native\25\windows-amd64

VM Arguments:
jvm_args: --add-modules=ALL-SYSTEM --add-opens=java.base/java.util=ALL-UNNAMED --add-opens=java.base/java.lang=ALL-UNNAMED --add-opens=java.base/sun.nio.fs=ALL-UNNAMED -Declipse.application=org.eclipse.jdt.ls.core.id1 -Dosgi.bundles.defaultStartLevel=4 -Declipse.product=org.eclipse.jdt.ls.core.product -Djava.import.generatesMetadataFilesAtProjectRoot=false -DDetectVMInstallationsJob.disabled=true -Dfile.encoding=utf8 -XX:+UseParallelGC -XX:GCTimeRatio=4 -XX:AdaptiveSizePolicyWeight=90 -Dsun.zip.disableMemoryMapping=true -Xmx1G -Xms100m -Xlog:disable -javaagent:c:\Users\Mohammad.Junaid\.vscode\extensions\redhat.java-1.34.0-win32-x64\lombok\lombok-1.18.33.jar -XX:+HeapDumpOnOutOfMemoryError -XX:HeapDumpPath=c:\Users\Mohammad.Junaid\AppData\Roaming\Code\User\workspaceStorage\cf6ec08c23d73b0578318065eb034c21\redhat.java -Daether.dependencyCollector.impl=bf -Xmx512M 
java_command: c:\Users\Mohammad.Junaid\.vscode\extensions\redhat.java-1.34.0-win32-x64\server\plugins\org.eclipse.equinox.launcher_1.6.900.v20240613-2009.jar -configuration c:\Users\Mohammad.Junaid\AppData\Roaming\Code\User\globalStorage\redhat.java\1.34.0\config_win -data c:\Users\Mohammad.Junaid\AppData\Roaming\Code\User\workspaceStorage\cf6ec08c23d73b0578318065eb034c21\redhat.java\jdt_ws --pipe=\\.\pipe\lsp-a37a101cd32983f0e1fb7d496cb8f05d-sock
java_class_path (initial): c:\Users\Mohammad.Junaid\.vscode\extensions\redhat.java-1.34.0-win32-x64\server\plugins\org.eclipse.equinox.launcher_1.6.900.v20240613-2009.jar
Launcher Type: SUN_STANDARD

[Global flags]
    uintx AdaptiveSizePolicyWeight                 = 90                                        {product} {command line}
     intx CICompilerCount                          = 4                                         {product} {ergonomic}
    uintx GCTimeRatio                              = 4                                         {product} {command line}
     bool HeapDumpOnOutOfMemoryError               = true                                   {manageable} {command line}
    ccstr HeapDumpPath                             = c:\Users\Mohammad.Junaid\AppData\Roaming\Code\User\workspaceStorage\cf6ec08c23d73b0578318065eb034c21\redhat.java         {manageable} {command line}
   size_t InitialHeapSize                          = 104857600                                 {product} {command line}
   size_t MaxHeapSize                              = 536870912                                 {product} {command line}
   size_t MaxNewSize                               = 178782208                                 {product} {ergonomic}
   size_t MinHeapDeltaBytes                        = 524288                                    {product} {ergonomic}
   size_t MinHeapSize                              = 104857600                                 {product} {command line}
   size_t NewSize                                  = 34603008                                  {product} {ergonomic}
    uintx NonNMethodCodeHeapSize                   = 5839372                                {pd product} {ergonomic}
    uintx NonProfiledCodeHeapSize                  = 122909434                              {pd product} {ergonomic}
   size_t OldSize                                  = 70254592                                  {product} {ergonomic}
    uintx ProfiledCodeHeapSize                     = 122909434                              {pd product} {ergonomic}
    uintx ReservedCodeCacheSize                    = 251658240                              {pd product} {ergonomic}
     bool SegmentedCodeCache                       = true                                      {product} {ergonomic}
   size_t SoftMaxHeapSize                          = 536870912                              {manageable} {ergonomic}
     bool UseCompressedClassPointers               = true                           {product lp64_product} {ergonomic}
     bool UseCompressedOops                        = true                           {product lp64_product} {ergonomic}
     bool UseLargePagesIndividualAllocation        = false                                  {pd product} {ergonomic}
     bool UseParallelGC                            = true                                      {product} {command line}

Logging:
Log output configuration:
 #0: stdout all=off uptime,level,tags
 #1: stderr all=off uptime,level,tags

Environment Variables:
JAVA_HOME=C:\Program Files\Java\jdk-11.0.19
_JAVA_OPTIONS=-Xmx512M
PATH=C:\Program Files\Python311\Scripts\;C:\Program Files\Python311\;C:\oraclexe\app\oracle\product\11.2.0\server\bin;C:\Program Files\Eclipse Foundation\jdk-8.0.302.8-hotspot\bin;C:\Program Files (x86)\Common Files\Oracle\Java\javapath;C:\Windows\system32;C:\Windows;C:\Windows\System32\Wbem;C:\Windows\System32\WindowsPowerShell\v1.0\;C:\Windows\System32\OpenSSH\;C:\Program Files (x86)\Microsoft SQL Server\150\DTS\Binn\;C:\Program Files\Azure Data Studio\bin;C:\Program Files (x86)\Microsoft SQL Server\130\Tools\Binn\;C:\Program Files\Microsoft SQL Server\130\Tools\Binn\;C:\Program Files (x86)\Microsoft SQL Server\130\DTS\Binn\;C:\Program Files\Microsoft SQL Server\130\DTS\Binn\;C:\Program Files\Microsoft SQL Server\Client SDK\ODBC\130\Tools\Binn\;C:\Program Files\gradle-5.1.1\bin;C:\Program Files\nodejs\;C:\Program Files\dotnet\;C:\Program Files\Microsoft SQL Server\Client SDK\ODBC\170\Tools\Binn\;C:\Program Files\Java\jdk-11.0.19;C:\Program Files\Java\jre1.8.0_202;C:\Users\Mohammad.Junaid\AppData\Local\Microsoft\WindowsApps;C:\Program Files\JetBrains;C:\Program Files\Microsoft SQL Server\120\Tools\Binn\;C:\Program Files (x86)\Microsoft SQL Server\150\Tools\Binn\;C:\Program Files\Microsoft SQL Server\150\Tools\Binn\;C:\Program Files\Microsoft SQL Server\150\DTS\Binn\;C:\Program Files (x86)\dotnet\;C:\Program Files\flutter\bin;C:\Users\Mohammad.Junaid\AppData\Roaming\npm;C:\Program Files\Git\cmd;;%SystemRoot%\system32;%SystemRoot%;%SystemRoot%\System32\Wbem;%SYSTEMROOT%\System32\WindowsPowerShell\v1.0\;%SYSTEMROOT%\System32\OpenSSH\;C:\Users\Mohammad.Junaid\AppData\Local\Programs\Microsoft VS Code\bin;C:\Program Files\flutter\bin;C:\Users\Mohammad.Junaid\.dotnet\tools;C:\Users\Mohammad.Junaid\AppData\Local\Microsoft\WindowsApps;
USERNAME=Mohammad.Junaid
OS=Windows_NT
PROCESSOR_IDENTIFIER=Intel64 Family 6 Model 140 Stepping 1, GenuineIntel
TMP=C:\Users\MOHAMM~1.JUN\AppData\Local\Temp
TEMP=C:\Users\MOHAMM~1.JUN\AppData\Local\Temp



Periodic native trim disabled


---------------  S Y S T E M  ---------------

OS:
 Windows 11 , 64 bit Build 22621 (10.0.22621.2506)
OS uptime: 0 days 20:25 hours

CPU: total 8 (initial active 8) (4 cores per cpu, 2 threads per core) family 6 model 140 stepping 1 microcode 0xb4, cx8, cmov, fxsr, ht, mmx, 3dnowpref, sse, sse2, sse3, ssse3, sse4.1, sse4.2, popcnt, lzcnt, tsc, tscinvbit, avx, avx2, aes, erms, clmul, bmi1, bmi2, adx, avx512f, avx512dq, avx512cd, avx512bw, avx512vl, sha, fma, vzeroupper, avx512_vpopcntdq, avx512_vpclmulqdq, avx512_vaes, avx512_vnni, clflush, clflushopt, clwb, avx512_vbmi2, avx512_vbmi
Processor Information for all 8 processors :
  Max Mhz: 1382, Current Mhz: 1382, Mhz Limit: 1382

Memory: 4k page, system-wide physical 16126M (2151M free)
TotalPageFile size 22635M (AvailPageFile size 13M)
current process WorkingSet (physical memory assigned to process): 251M, peak: 251M
current process commit charge ("private bytes"): 311M, peak: 312M

vm_info: OpenJDK 64-Bit Server VM (17.0.12+7) for windows-amd64 JRE (17.0.12+7), built on Jul 16 2024 22:08:24 by "admin" with MS VC++ 16.10 / 16.11 (VS2019)

END.
