#
# There is insufficient memory for the Java Runtime Environment to continue.
# Native memory allocation (malloc) failed to allocate 1048576 bytes for AllocateHeap
# Possible reasons:
#   The system is out of physical RAM or swap space
#   The process is running with CompressedOops enabled, and the Java Heap may be blocking the growth of the native heap
# Possible solutions:
#   Reduce memory load on the system
#   Increase physical memory or swap space
#   Check if swap backing store is full
#   Decrease Java heap size (-Xmx/-Xms)
#   Decrease number of Java threads
#   Decrease Java thread stack sizes (-Xss)
#   Set larger code cache with -XX:ReservedCodeCacheSize=
#   JVM is running with Unscaled Compressed Oops mode in which the Java heap is
#     placed in the first 4GB address space. The Java Heap base address is the
#     maximum limit for the native heap growth. Please use -XX:HeapBaseMinAddress
#     to set the Java Heap base and to place the Java Heap above 4GB virtual address.
# This output file may be truncated or incomplete.
#
#  Out of Memory Error (memory/allocation.inline.hpp:61), pid=29816, tid=0x0000000000007548
#
# JRE version:  (8.0_302-b08) (build )
# Java VM: OpenJDK 64-Bit Server VM (25.302-b08 mixed mode windows-amd64 compressed oops)
# Failed to write core dump. Minidumps are not enabled by default on client versions of Windows
#

---------------  T H R E A D  ---------------

Current thread (0x000002012ae94000):  JavaThread "Unknown thread" [_thread_in_vm, id=30024, stack(0x0000009ef8a00000,0x0000009ef8b00000)]

Stack: [0x0000009ef8a00000,0x0000009ef8b00000]
[error occurred during error reporting (printing stack bounds), id 0xc0000005]

Native frames: (J=compiled Java code, j=interpreted, Vv=VM code, C=native code)


---------------  P R O C E S S  ---------------

Java Threads: ( => current thread )

Other Threads:

=>0x000002012ae94000 (exited) JavaThread "Unknown thread" [_thread_in_vm, id=30024, stack(0x0000009ef8a00000,0x0000009ef8b00000)]

VM state:not at safepoint (normal execution)

VM Mutex/Monitor currently owned by a thread: None

heap address: 0x00000000e0000000, size: 512 MB, Compressed Oops mode: 32-bit
Narrow klass base: 0x0000000000000000, Narrow klass shift: 3
Compressed class space size: 1073741824 Address: 0x0000000100000000

Heap:
 PSYoungGen      total 2048K, used 30K [0x00000000f5580000, 0x00000000f5800000, 0x0000000100000000)
  eden space 1536K, 2% used [0x00000000f5580000,0x00000000f5587af0,0x00000000f5700000)
  from space 512K, 0% used [0x00000000f5780000,0x00000000f5780000,0x00000000f5800000)
  to   space 512K, 0% used [0x00000000f5700000,0x00000000f5700000,0x00000000f5780000)
 ParOldGen       total 5632K, used 0K [0x00000000e0000000, 0x00000000e0580000, 0x00000000f5580000)
  object space 5632K, 0% used [0x00000000e0000000,0x00000000e0000000,0x00000000e0580000)
 Metaspace       used 781K, capacity 4480K, committed 4480K, reserved 1056768K
  class space    used 76K, capacity 384K, committed 384K, reserved 1048576K

Card table byte_map: [0x000002013bc30000,0x000002013bd40000] byte_map_base: 0x000002013b530000

Marking Bits: (ParMarkBitMap*) 0x00000000759cc820
 Begin Bits: [0x000002013bdf0000, 0x000002013c5f0000)
 End Bits:   [0x000002013c5f0000, 0x000002013cdf0000)

Polling page: 0x000002012b000000

CodeCache: size=245760Kb used=328Kb max_used=328Kb free=245431Kb
 bounds [0x000002012c870000, 0x000002012cae0000, 0x000002013b870000]
 total_blobs=57 nmethods=0 adapters=38
 compilation: enabled

Compilation events (0 events):
No events

GC Heap History (0 events):
No events

Deoptimization events (0 events):
No events

Classes redefined (0 events):
No events

Internal exceptions (0 events):
No events

Events (10 events):
Event: 0.035 loading class java/lang/Short
Event: 0.035 loading class java/lang/Short done
Event: 0.035 loading class java/lang/Integer
Event: 0.035 loading class java/lang/Integer done
Event: 0.035 loading class java/lang/Long
Event: 0.035 loading class java/lang/Long done
Event: 0.036 loading class java/lang/NullPointerException
Event: 0.036 loading class java/lang/NullPointerException done
Event: 0.036 loading class java/lang/ArithmeticException
Event: 0.036 loading class java/lang/ArithmeticException done


Dynamic libraries:
0x00007ff673a80000 - 0x00007ff673a87000 	C:\Program Files\Eclipse Foundation\jdk-8.0.302.8-hotspot\bin\javac.exe
0x00007fffc3710000 - 0x00007fffc3927000 	C:\WINDOWS\SYSTEM32\ntdll.dll
0x00007fffc2c40000 - 0x00007fffc2d04000 	C:\WINDOWS\System32\KERNEL32.DLL
0x00007fffc0a80000 - 0x00007fffc0e26000 	C:\WINDOWS\System32\KERNELBASE.dll
0x0000000077290000 - 0x000000007732e000 	C:\ProgramData\Symantec\Symantec Endpoint Protection\14.3.9681.7000.105\Data\Sysfer\x64\sysfer.dll
0x00007fff67e00000 - 0x00007fff67e34000 	C:\Program Files\Eclipse Foundation\jdk-8.0.302.8-hotspot\bin\jli.dll
0x00007fff29790000 - 0x00007fff2987f000 	C:\Program Files\Eclipse Foundation\jdk-8.0.302.8-hotspot\bin\MSVCR120.dll
0x00007fffc32a0000 - 0x00007fffc3351000 	C:\WINDOWS\System32\ADVAPI32.dll
0x00007fffc1db0000 - 0x00007fffc1e57000 	C:\WINDOWS\System32\msvcrt.dll
0x00007fffc1cd0000 - 0x00007fffc1d75000 	C:\WINDOWS\System32\sechost.dll
0x00007fffc2b20000 - 0x00007fffc2c37000 	C:\WINDOWS\System32\RPCRT4.dll
0x00007fffc30f0000 - 0x00007fffc329e000 	C:\WINDOWS\System32\USER32.dll
0x00007fffc0eb0000 - 0x00007fffc0ed6000 	C:\WINDOWS\System32\win32u.dll
0x00007fff6e200000 - 0x00007fff6e493000 	C:\WINDOWS\WinSxS\amd64_microsoft.windows.common-controls_6595b64144ccf1df_6.0.22621.2506_none_270c5ae97388e100\COMCTL32.dll
0x00007fffc1820000 - 0x00007fffc1849000 	C:\WINDOWS\System32\GDI32.dll
0x00007fffc12a0000 - 0x00007fffc13b8000 	C:\WINDOWS\System32\gdi32full.dll
0x00007fffc13c0000 - 0x00007fffc145a000 	C:\WINDOWS\System32\msvcp_win.dll
0x00007fffc1180000 - 0x00007fffc1291000 	C:\WINDOWS\System32\ucrtbase.dll
0x00007fffc34c0000 - 0x00007fffc34f1000 	C:\WINDOWS\System32\IMM32.DLL
0x00007fff2a2e0000 - 0x00007fff2a3cf000 	C:\Program Files\Eclipse Foundation\jdk-8.0.302.8-hotspot\jre\bin\msvcr120.dll
0x00007fff2a230000 - 0x00007fff2a2d6000 	C:\Program Files\Eclipse Foundation\jdk-8.0.302.8-hotspot\jre\bin\msvcp120.dll
0x00000000751e0000 - 0x0000000075a4b000 	C:\Program Files\Eclipse Foundation\jdk-8.0.302.8-hotspot\jre\bin\server\jvm.dll
0x00007fffc1d80000 - 0x00007fffc1d88000 	C:\WINDOWS\System32\PSAPI.DLL
0x00007fffb4bb0000 - 0x00007fffb4bb9000 	C:\WINDOWS\SYSTEM32\WSOCK32.dll
0x00007fffc3070000 - 0x00007fffc30e1000 	C:\WINDOWS\System32\WS2_32.dll
0x00007fffb8790000 - 0x00007fffb87c4000 	C:\WINDOWS\SYSTEM32\WINMM.dll
0x00007fffb87d0000 - 0x00007fffb87da000 	C:\WINDOWS\SYSTEM32\VERSION.dll
0x00007fffb8f20000 - 0x00007fffb8f2f000 	C:\Program Files\Eclipse Foundation\jdk-8.0.302.8-hotspot\jre\bin\verify.dll
0x00007fff7dc40000 - 0x00007fff7dc69000 	C:\Program Files\Eclipse Foundation\jdk-8.0.302.8-hotspot\jre\bin\java.dll
0x00007fff7dc20000 - 0x00007fff7dc36000 	C:\Program Files\Eclipse Foundation\jdk-8.0.302.8-hotspot\jre\bin\zip.dll

VM Arguments:
jvm_args: -Dapplication.home=C:\Program Files\Eclipse Foundation\jdk-8.0.302.8-hotspot -Xms8m -Xmx512M 
java_command: com.sun.tools.javac.Main -version
java_class_path (initial): C:\Program Files\Eclipse Foundation\jdk-8.0.302.8-hotspot/lib/tools.jar;C:\Program Files\Eclipse Foundation\jdk-8.0.302.8-hotspot/classes
Launcher Type: SUN_STANDARD

Environment Variables:
JAVA_HOME=C:\Program Files\Java\jdk-11.0.19
JRE_HOME=C:\Program Files\Java\jre1.8.0_202
_JAVA_OPTIONS=-Xmx512M
USERNAME=Mohammad.Junaid
OS=Windows_NT
PROCESSOR_IDENTIFIER=Intel64 Family 6 Model 140 Stepping 1, GenuineIntel



---------------  S Y S T E M  ---------------

OS: Windows 10.0 , 64 bit Build 22621 (10.0.22621.2506)

CPU:total 8 (initial active 8) (4 cores per cpu, 2 threads per core) family 6 model 140 stepping 1, cmov, cx8, fxsr, mmx, sse, sse2, sse3, ssse3, sse4.1, sse4.2, popcnt, avx, avx2, aes, clmul, erms, 3dnowpref, lzcnt, ht, tsc, tscinvbit, bmi1, bmi2, adx

Memory: 4k page, physical 16513824k(2311068k free), swap 23178416k(17584k free)

vm_info: OpenJDK 64-Bit Server VM (25.302-b08) for windows-amd64 JRE (1.8.0_302-b08), built on Jul 20 2021 21:31:03 by "jenkins" with MS VC++ 12.0 (VS2013)

time: Tue Sep 24 16:22:22 2024
timezone: India Standard Time
elapsed time: 0.066709 seconds (0d 0h 0m 0s)

